<?xml version="1.0" encoding="UTF-8"?>
<testsuite xmlns:xsi="http://www.w3.org/2001/XMLSchema-instance" xsi:schemaLocation="https://maven.apache.org/surefire/maven-surefire-plugin/xsd/surefire-test-report.xsd" name="com.google.zxing.datamatrix.encoder.HighLevelEncodeTestCase" time="0.027" tests="19" errors="0" skipped="1" failures="0">
  <properties>
    <property name="java.runtime.name" value="Java(TM) SE Runtime Environment"/>
    <property name="sun.boot.library.path" value="/usr/lib/jvm/java-8-oracle/jre/lib/amd64"/>
    <property name="java.vm.version" value="25.131-b11"/>
    <property name="java.vm.vendor" value="Oracle Corporation"/>
    <property name="maven.multiModuleProjectDirectory" value="/home/chaim/Dropbox/Documents/projetos/CooperationNorway/zxing-master"/>
    <property name="java.vendor.url" value="http://java.oracle.com/"/>
    <property name="path.separator" value=":"/>
    <property name="guice.disable.misplaced.annotation.check" value="true"/>
    <property name="java.vm.name" value="Java HotSpot(TM) 64-Bit Server VM"/>
    <property name="file.encoding.pkg" value="sun.io"/>
    <property name="user.country" value="US"/>
    <property name="sun.java.launcher" value="SUN_STANDARD"/>
    <property name="sun.os.patch.level" value="unknown"/>
    <property name="java.vm.specification.name" value="Java Virtual Machine Specification"/>
    <property name="user.dir" value="/home/chaim/Dropbox/Documents/projetos/CooperationNorway/zxing-master"/>
    <property name="java.runtime.version" value="1.8.0_131-b11"/>
    <property name="java.awt.graphicsenv" value="sun.awt.X11GraphicsEnvironment"/>
    <property name="java.endorsed.dirs" value="/usr/lib/jvm/java-8-oracle/jre/lib/endorsed"/>
    <property name="os.arch" value="amd64"/>
    <property name="java.io.tmpdir" value="/tmp"/>
    <property name="line.separator" value="&#10;"/>
    <property name="java.vm.specification.vendor" value="Oracle Corporation"/>
    <property name="os.name" value="Linux"/>
    <property name="classworlds.conf" value="/usr/share/maven3/bin/m2.conf"/>
    <property name="sun.jnu.encoding" value="UTF-8"/>
    <property name="java.library.path" value="/usr/java/packages/lib/amd64:/usr/lib64:/lib64:/lib:/usr/lib"/>
    <property name="java.specification.name" value="Java Platform API Specification"/>
    <property name="java.class.version" value="52.0"/>
    <property name="sun.management.compiler" value="HotSpot 64-Bit Tiered Compilers"/>
    <property name="os.version" value="4.4.0-75-generic"/>
    <property name="user.home" value="/root"/>
    <property name="user.timezone" value="Europe/Oslo"/>
    <property name="java.awt.printerjob" value="sun.print.PSPrinterJob"/>
    <property name="file.encoding" value="UTF-8"/>
    <property name="java.specification.version" value="1.8"/>
    <property name="user.name" value="root"/>
    <property name="java.class.path" value="/usr/share/maven3/boot/plexus-classworlds-2.5.2.jar"/>
    <property name="java.vm.specification.version" value="1.8"/>
    <property name="sun.arch.data.model" value="64"/>
    <property name="java.home" value="/usr/lib/jvm/java-8-oracle/jre"/>
    <property name="sun.java.command" value="org.codehaus.plexus.classworlds.launcher.Launcher install -Drat.skip=true"/>
    <property name="java.specification.vendor" value="Oracle Corporation"/>
    <property name="user.language" value="en"/>
    <property name="awt.toolkit" value="sun.awt.X11.XToolkit"/>
    <property name="java.vm.info" value="mixed mode"/>
    <property name="java.version" value="1.8.0_131"/>
    <property name="java.ext.dirs" value="/usr/lib/jvm/java-8-oracle/jre/lib/ext:/usr/java/packages/lib/ext"/>
    <property name="securerandom.source" value="file:/dev/./urandom"/>
    <property name="sun.boot.class.path" value="/usr/lib/jvm/java-8-oracle/jre/lib/resources.jar:/usr/lib/jvm/java-8-oracle/jre/lib/rt.jar:/usr/lib/jvm/java-8-oracle/jre/lib/sunrsasign.jar:/usr/lib/jvm/java-8-oracle/jre/lib/jsse.jar:/usr/lib/jvm/java-8-oracle/jre/lib/jce.jar:/usr/lib/jvm/java-8-oracle/jre/lib/charsets.jar:/usr/lib/jvm/java-8-oracle/jre/lib/jfr.jar:/usr/lib/jvm/java-8-oracle/jre/classes"/>
    <property name="java.vendor" value="Oracle Corporation"/>
    <property name="rat.skip" value="true"/>
    <property name="maven.home" value="/usr/share/maven3"/>
    <property name="file.separator" value="/"/>
    <property name="java.vendor.url.bug" value="http://bugreport.sun.com/bugreport/"/>
    <property name="sun.cpu.endian" value="little"/>
    <property name="sun.io.unicode.encoding" value="UnicodeLittle"/>
    <property name="sun.cpu.isalist" value=""/>
  </properties>
  <testcase name="testC40EncodationBasic1" classname="com.google.zxing.datamatrix.encoder.HighLevelEncodeTestCase" time="0"/>
  <testcase name="testC40EncodationBasic2" classname="com.google.zxing.datamatrix.encoder.HighLevelEncodeTestCase" time="0.001"/>
  <testcase name="testTextEncodation" classname="com.google.zxing.datamatrix.encoder.HighLevelEncodeTestCase" time="0.001"/>
  <testcase name="testASCIIEncodation" classname="com.google.zxing.datamatrix.encoder.HighLevelEncodeTestCase" time="0"/>
  <testcase name="testBug3048549" classname="com.google.zxing.datamatrix.encoder.HighLevelEncodeTestCase" time="0.001"/>
  <testcase name="testMacroCharacters" classname="com.google.zxing.datamatrix.encoder.HighLevelEncodeTestCase" time="0"/>
  <testcase name="testX12Encodation" classname="com.google.zxing.datamatrix.encoder.HighLevelEncodeTestCase" time="0.002"/>
  <testcase name="testC40EncodationSpecialCases1" classname="com.google.zxing.datamatrix.encoder.HighLevelEncodeTestCase" time="0.001"/>
  <testcase name="testC40EncodationSpecialCases2" classname="com.google.zxing.datamatrix.encoder.HighLevelEncodeTestCase" time="0"/>
  <testcase name="testBase256Encodation" classname="com.google.zxing.datamatrix.encoder.HighLevelEncodeTestCase" time="0.007"/>
  <testcase name="testUnlatchingFromC40" classname="com.google.zxing.datamatrix.encoder.HighLevelEncodeTestCase" time="0.001"/>
  <testcase name="testDataURL" classname="com.google.zxing.datamatrix.encoder.HighLevelEncodeTestCase" time="0">
    <skipped/>
  </testcase>
  <testcase name="testX12Unlatch2" classname="com.google.zxing.datamatrix.encoder.HighLevelEncodeTestCase" time="0"/>
  <testcase name="testX12Unlatch" classname="com.google.zxing.datamatrix.encoder.HighLevelEncodeTestCase" time="0"/>
  <testcase name="testC40EncodationSpecExample" classname="com.google.zxing.datamatrix.encoder.HighLevelEncodeTestCase" time="0"/>
  <testcase name="testEDIFACTEncodation" classname="com.google.zxing.datamatrix.encoder.HighLevelEncodeTestCase" time="0.001"/>
  <testcase name="testBug1664266" classname="com.google.zxing.datamatrix.encoder.HighLevelEncodeTestCase" time="0"/>
  <testcase name="testUnlatchingFromText" classname="com.google.zxing.datamatrix.encoder.HighLevelEncodeTestCase" time="0"/>
  <testcase name="testHelloWorld" classname="com.google.zxing.datamatrix.encoder.HighLevelEncodeTestCase" time="0"/>
</testsuite>